<?xml version="1.0" encoding="UTF-8"?>
<beans xmlns="http://www.springframework.org/schema/beans"
       xmlns:xsi="http://www.w3.org/2001/XMLSchema-instance"
       xmlns:aop="http://www.springframework.org/schema/aop"
       xmlns:c="http://www.springframework.org/schema/c"
       xmlns:context="http://www.springframework.org/schema/context"
       xmlns:jee="http://www.springframework.org/schema/jee"
       xmlns:lang="http://www.springframework.org/schema/lang"
       xmlns:p="http://www.springframework.org/schema/p"
       xmlns:tx="http://www.springframework.org/schema/tx"
       xmlns:util="http://www.springframework.org/schema/util"
       xmlns:mvc="http://www.springframework.org/schema/mvc"
       xmlns:jdbc="http://www.springframework.org/schema/jdbc" 
       xmlns:websocket="http://www.springframework.org/schema/websocket"
       
       xsi:schemaLocation="http://www.springframework.org/schema/beans http://www.springframework.org/schema/beans/spring-beans-4.3.xsd
          http://www.springframework.org/schema/aop http://www.springframework.org/schema/aop/spring-aop-4.3.xsd
          http://www.springframework.org/schema/context http://www.springframework.org/schema/context/spring-context-4.3.xsd
          http://www.springframework.org/schema/jee http://www.springframework.org/schema/jee/spring-jee-4.3.xsd
          http://www.springframework.org/schema/lang http://www.springframework.org/schema/lang/spring-lang-4.3.xsd
          http://www.springframework.org/schema/tx http://www.springframework.org/schema/tx/spring-tx-4.3.xsd
          http://www.springframework.org/schema/util http://www.springframework.org/schema/util/spring-util-4.3.xsd
          http://www.springframework.org/schema/mvc http://www.springframework.org/schema/mvc/spring-mvc-4.3.xsd
          http://www.springframework.org/schema/jdbc http://www.springframework.org/schema/jdbc/spring-jdbc-4.3.xsd 
          http://www.springframework.org/schema/websocket http://www.springframework.org/schema/websocket/spring-websocket.xsd
">
    <context:component-scan base-package="com.tim.dzenlab"/>
    
    <!--Database configuration-->
    <bean id="dataSource" class="org.springframework.jdbc.datasource.DriverManagerDataSource">
        <!--<property name="url" value="jdbc:h2:tcp://localhost:9092/~/h2/dzenlab-test/dzenlab-test"/>-->
        <property name="url" value="jdbc:h2:mem:test;DB_CLOSE_DELAY=-1"/>
        <property name="driverClassName" value="org.h2.Driver"/>
        <property name="username" value="sa"/>
        <property name="password" value=""/>
    </bean>
    <bean id="txManager" class="org.springframework.jdbc.datasource.DataSourceTransactionManager">
        <property name="dataSource" ref="dataSource"/>
    </bean>
    <jdbc:initialize-database data-source="dataSource">
        <jdbc:script location="classpath:/create-db.sql"/>
    </jdbc:initialize-database>
</beans>
